<?xml version="1.0" encoding="UTF-8"?>
<!-- Generated by org.testng.reporters.JUnitReportReporter -->
<testsuite skipped="0" hostname="Softeam-HP" name="tuto.eclipse.testCases.TestBookingJAL1" tests="1" failures="0" timestamp="04 juin 2019 08:41:31 GMT" time="17.086" errors="0">
  <testcase name="testBooking1" time="17.086" classname="tuto.eclipse.testCases.TestBookingJAL1"/>
</testsuite> <!-- tuto.eclipse.testCases.TestBookingJAL1 -->
