<?xml version="1.0" encoding="UTF-8"?>
<!-- Generated by org.testng.reporters.JUnitReportReporter -->
<testsuite hostname="Softeam-HP" failures="0" tests="2" name="tuto.eclipse.jal.selenium.ng.TestBookingNG" time="16.565" errors="0" timestamp="03 juin 2019 13:43:53 GMT" skipped="0">
  <testcase classname="tuto.eclipse.jal.selenium.ng.TestBookingNG" name="verifyHomepageTitle" time="2.696"/>
  <testcase classname="tuto.eclipse.jal.selenium.ng.TestBookingNG" name="verifyWeFindFlights" time="13.869"/>
</testsuite> <!-- tuto.eclipse.jal.selenium.ng.TestBookingNG -->
