<?xml version="1.0" encoding="UTF-8"?>
<!-- Generated by org.testng.reporters.JUnitReportReporter -->
<testsuite hostname="Softeam-HP" failures="0" tests="1" name="tuto.eclipse.testCases.TestBookingJAL1" time="1.226" errors="0" timestamp="03 juin 2019 13:43:53 GMT" skipped="0">
  <testcase classname="tuto.eclipse.testCases.TestBookingJAL1" name="testBooking1" time="1.226"/>
</testsuite> <!-- tuto.eclipse.testCases.TestBookingJAL1 -->
